Removed Pin From Net: NetName=Switching_BaseSpeed Pin=IC_SPDT-1
Removed Pin From Net: NetName=U4 SPEED SEL 4OUT Pin=IC_SPDT-2
Removed Pin From Net: NetName=GND Pin=IC_SPDT-3
Removed Pin From Net: NetName=+VSS Pin=IC_SPDT-4
Removed Pin From Net: NetName=U11 SPEED SEL 4OUT Pin=IC_SPDT-6
Removed Pin From Net: NetName=-VSS Pin=IC_SPDT-7
Removed Pin From Net: NetName=BS STOP FINAL PID Pin=IC_SPDT-8
Removed Member From Class: ClassName=Sheet1 Member=IC_SPDT
Added Component: Designator=IC?(SOP65P490X110-8N)
Add component (AddParameter): Name = "Arrow Part Number"; Value = "TS12A12511DGKR"; VariantName = "[No Variations]"
Add component (AddParameter): Name = "Arrow Price/Stock"; Value = "https://www.arrow.com/en/products/ts12a12511dgkr/texas-instruments?region=nac"; VariantName = "[No Variations]"
Add component (AddParameter): Name = "Datasheet Link"; Value = "http://uk.rs-online.com/web/p/products/8255365P"; VariantName = "[No Variations]"
Add component (AddParameter): Name = "Height"; Value = "1.1mm"; VariantName = "[No Variations]"
Add component (AddParameter): Name = "Manufacturer_Name"; Value = "Texas Instruments"; VariantName = "[No Variations]"
Add component (AddParameter): Name = "Manufacturer_Part_Number"; Value = "TS12A12511DGKR"; VariantName = "[No Variations]"
Add component (AddParameter): Name = "Mouser Part Number"; Value = "595-TS12A12511DGKR"; VariantName = "[No Variations]"
Add component (AddParameter): Name = "Mouser Price/Stock"; Value = "https://www.mouser.co.uk/ProductDetail/Texas-Instruments/TS12A12511DGKR?qs=DS7Z8uEdLNzs0bEsFFa4bQ%3D%3D"; VariantName = "[No Variations]"
Added Pin To Net: NetName=Switching_BaseSpeed Pin=IC?-1
Added Pin To Net: NetName=U4 SPEED SEL 4OUT Pin=IC?-2
Added Pin To Net: NetName=GND Pin=IC?-3
Added Pin To Net: NetName=+VSS Pin=IC?-4
Added Pin To Net: NetName=U11 SPEED SEL 4OUT Pin=IC?-6
Added Pin To Net: NetName=-VSS Pin=IC?-7
Added Pin To Net: NetName=BS STOP FINAL PID Pin=IC?-8
Added Member To Class: ClassName=Sheet1 Member=Component IC? TS12A12511DGKR
